#! /usr/bin/vvp
:ivl_version "12.0 (stable)";
:ivl_delay_selection "TYPICAL";
:vpi_time_precision - 3;
:vpi_module "/usr/lib/x86_64-linux-gnu/ivl/system.vpi";
:vpi_module "/usr/lib/x86_64-linux-gnu/ivl/vhdl_sys.vpi";
:vpi_module "/usr/lib/x86_64-linux-gnu/ivl/vhdl_textio.vpi";
:vpi_module "/usr/lib/x86_64-linux-gnu/ivl/v2005_math.vpi";
:vpi_module "/usr/lib/x86_64-linux-gnu/ivl/va_math.vpi";
S_0x621383f8e740 .scope module, "controller_tb" "controller_tb" 2 3;
 .timescale -3 -3;
v0x621383fcb3d0_0 .var "B", 1 0;
v0x621383fcb4b0_0 .net "S", 2 0, v0x621383fca810_0;  1 drivers
v0x621383fcb580_0 .var "V", 2 0;
v0x621383fcb680_0 .net "clk", 0 0, L_0x621383f7f500;  1 drivers
v0x621383fcb720_0 .net "time32", 32 0, L_0x621383fcb860;  1 drivers
S_0x621383f8e8d0 .scope module, "CLK1" "clk_timer" 2 13, 3 7 0, S_0x621383f8e740;
 .timescale -3 -3;
    .port_info 0 /OUTPUT 1 "clk";
    .port_info 1 /OUTPUT 33 "time32";
L_0x621383f7f500 .functor BUFZ 1, v0x621383fc98e0_0, C4<0>, C4<0>, C4<0>;
L_0x621383fcb860 .functor BUFZ 33, v0x621383fc99a0_0, C4<000000000000000000000000000000000>, C4<000000000000000000000000000000000>, C4<000000000000000000000000000000000>;
v0x621383f7f660_0 .net "clk", 0 0, L_0x621383f7f500;  alias, 1 drivers
v0x621383fc98e0_0 .var "r_clk", 0 0;
v0x621383fc99a0_0 .var "r_time32", 32 0;
v0x621383fc9a60_0 .net "time32", 32 0, L_0x621383fcb860;  alias, 1 drivers
S_0x621383fc9ba0 .scope module, "utt" "controller" 2 19, 4 12 0, S_0x621383f8e740;
 .timescale -3 -3;
    .port_info 0 /INPUT 1 "clk";
    .port_info 1 /INPUT 2 "B";
    .port_info 2 /INPUT 3 "V";
    .port_info 3 /INPUT 33 "time32";
    .port_info 4 /OUTPUT 3 "S";
P_0x621383fc9d80 .param/l "G0" 1 4 35, C4<00>;
P_0x621383fc9dc0 .param/l "R0" 1 4 37, C4<10>;
P_0x621383fc9e00 .param/l "S0" 1 4 29, C4<101>;
P_0x621383fc9e40 .param/l "S1" 1 4 30, C4<011>;
P_0x621383fc9e80 .param/l "S2" 1 4 31, C4<110>;
P_0x621383fc9ec0 .param/l "S3" 1 4 32, C4<111>;
P_0x621383fc9f00 .param/l "Y0" 1 4 36, C4<01>;
P_0x621383fc9f40 .param/l "all_r" 1 4 42, +C4<00000000000000000000000000000010>;
P_0x621383fc9f80 .param/l "g1" 1 4 39, +C4<00000000000000000000000000010100>;
P_0x621383fc9fc0 .param/l "g2" 1 4 40, +C4<00000000000000000000000000001010>;
P_0x621383fca000 .param/l "gp" 1 4 44, +C4<00000000000000000000000000001010>;
P_0x621383fca040 .param/l "y" 1 4 41, +C4<00000000000000000000000000000100>;
P_0x621383fca080 .param/l "yp" 1 4 45, +C4<00000000000000000000000000000110>;
v0x621383fca710_0 .net "B", 1 0, v0x621383fcb3d0_0;  1 drivers
v0x621383fca810_0 .var "S", 2 0;
v0x621383fca8f0_0 .net "V", 2 0, v0x621383fcb580_0;  1 drivers
v0x621383fca9e0_0 .net "clk", 0 0, L_0x621383f7f500;  alias, 1 drivers
v0x621383fcaab0_0 .var/i "elapsed", 31 0;
v0x621383fcabc0_0 .var "entry_time", 32 0;
v0x621383fcaca0_0 .var "generated_by_sensor", 0 0;
v0x621383fcad60_0 .var "light", 1 0;
v0x621383fcae40_0 .var "next_light", 1 0;
v0x621383fcaf20_0 .var "nextstate", 2 0;
v0x621383fcb000_0 .net "ped_btn", 0 0, L_0x621383fcb8f0;  1 drivers
v0x621383fcb0c0_0 .var "ped_request", 0 0;
v0x621383fcb180_0 .var "state", 2 0;
v0x621383fcb260_0 .net "time32", 32 0, L_0x621383fcb860;  alias, 1 drivers
E_0x621383f54fc0 .event anyedge, v0x621383fcb180_0;
E_0x621383f8d420 .event posedge, v0x621383f7f660_0;
E_0x621383f54d40/0 .event anyedge, v0x621383fc9a60_0, v0x621383fcabc0_0, v0x621383fcad60_0, v0x621383fcb180_0;
E_0x621383f54d40/1 .event anyedge, v0x621383fcaab0_0, v0x621383fcaca0_0, v0x621383fca8f0_0, v0x621383fcb0c0_0;
E_0x621383f54d40 .event/or E_0x621383f54d40/0, E_0x621383f54d40/1;
L_0x621383fcb8f0 .reduce/or v0x621383fcb3d0_0;
    .scope S_0x621383f8e8d0;
T_0 ;
    %pushi/vec4 0, 0, 1;
    %store/vec4 v0x621383fc98e0_0, 0, 1;
    %pushi/vec4 0, 0, 33;
    %store/vec4 v0x621383fc99a0_0, 0, 33;
    %end;
    .thread T_0;
    .scope S_0x621383f8e8d0;
T_1 ;
    %delay 1, 0;
    %load/vec4 v0x621383fc98e0_0;
    %inv;
    %store/vec4 v0x621383fc98e0_0, 0, 1;
    %jmp T_1;
    .thread T_1;
    .scope S_0x621383f8e8d0;
T_2 ;
    %delay 1000, 0;
    %load/vec4 v0x621383fc99a0_0;
    %addi 1, 0, 33;
    %store/vec4 v0x621383fc99a0_0, 0, 33;
    %jmp T_2;
    .thread T_2;
    .scope S_0x621383fc9ba0;
T_3 ;
    %pushi/vec4 5, 0, 3;
    %store/vec4 v0x621383fcb180_0, 0, 3;
    %pushi/vec4 0, 0, 2;
    %store/vec4 v0x621383fcad60_0, 0, 2;
    %pushi/vec4 0, 0, 33;
    %store/vec4 v0x621383fcabc0_0, 0, 33;
    %pushi/vec4 0, 0, 1;
    %store/vec4 v0x621383fcb0c0_0, 0, 1;
    %pushi/vec4 0, 0, 1;
    %store/vec4 v0x621383fcaca0_0, 0, 1;
    %end;
    .thread T_3;
    .scope S_0x621383fc9ba0;
T_4 ;
    %wait E_0x621383f8d420;
    %load/vec4 v0x621383fcad60_0;
    %cmpi/ne 2, 0, 2;
    %flag_get/vec4 4;
    %jmp/0 T_4.2, 4;
    %load/vec4 v0x621383fcb000_0;
    %and;
T_4.2;
    %flag_set/vec4 8;
    %jmp/0xz  T_4.0, 8;
    %pushi/vec4 1, 0, 1;
    %assign/vec4 v0x621383fcb0c0_0, 0;
T_4.0 ;
    %load/vec4 v0x621383fcaf20_0;
    %assign/vec4 v0x621383fcb180_0, 0;
    %load/vec4 v0x621383fcae40_0;
    %assign/vec4 v0x621383fcad60_0, 0;
    %load/vec4 v0x621383fcb180_0;
    %load/vec4 v0x621383fcaf20_0;
    %cmp/ne;
    %jmp/1 T_4.5, 4;
    %flag_mov 8, 4;
    %load/vec4 v0x621383fcad60_0;
    %load/vec4 v0x621383fcae40_0;
    %cmp/ne;
    %flag_or 4, 8;
T_4.5;
    %jmp/0xz  T_4.3, 4;
    %load/vec4 v0x621383fcb260_0;
    %assign/vec4 v0x621383fcabc0_0, 0;
T_4.3 ;
    %load/vec4 v0x621383fcb180_0;
    %cmpi/e 7, 0, 3;
    %flag_get/vec4 4;
    %jmp/0 T_4.8, 4;
    %load/vec4 v0x621383fcaf20_0;
    %pushi/vec4 7, 0, 3;
    %cmp/ne;
    %flag_get/vec4 4;
    %and;
T_4.8;
    %flag_set/vec4 8;
    %jmp/0xz  T_4.6, 8;
    %pushi/vec4 0, 0, 1;
    %assign/vec4 v0x621383fcb0c0_0, 0;
T_4.6 ;
    %jmp T_4;
    .thread T_4;
    .scope S_0x621383fc9ba0;
T_5 ;
    %wait E_0x621383f54d40;
    %load/vec4 v0x621383fcb260_0;
    %load/vec4 v0x621383fcabc0_0;
    %sub;
    %pad/u 32;
    %store/vec4 v0x621383fcaab0_0, 0, 32;
    %load/vec4 v0x621383fcad60_0;
    %store/vec4 v0x621383fcae40_0, 0, 2;
    %load/vec4 v0x621383fcb180_0;
    %store/vec4 v0x621383fcaf20_0, 0, 3;
    %load/vec4 v0x621383fcb180_0;
    %dup/vec4;
    %pushi/vec4 5, 0, 3;
    %cmp/u;
    %jmp/1 T_5.0, 6;
    %dup/vec4;
    %pushi/vec4 3, 0, 3;
    %cmp/u;
    %jmp/1 T_5.1, 6;
    %dup/vec4;
    %pushi/vec4 6, 0, 3;
    %cmp/u;
    %jmp/1 T_5.2, 6;
    %dup/vec4;
    %pushi/vec4 7, 0, 3;
    %cmp/u;
    %jmp/1 T_5.3, 6;
    %pushi/vec4 5, 0, 3;
    %store/vec4 v0x621383fcaf20_0, 0, 3;
    %jmp T_5.5;
T_5.0 ;
    %load/vec4 v0x621383fcad60_0;
    %dup/vec4;
    %pushi/vec4 0, 0, 2;
    %cmp/u;
    %jmp/1 T_5.6, 6;
    %dup/vec4;
    %pushi/vec4 1, 0, 2;
    %cmp/u;
    %jmp/1 T_5.7, 6;
    %dup/vec4;
    %pushi/vec4 2, 0, 2;
    %cmp/u;
    %jmp/1 T_5.8, 6;
    %jmp T_5.9;
T_5.6 ;
    %load/vec4 v0x621383fcaab0_0;
    %cmpi/s 20, 0, 32;
    %flag_inv 5; GE is !LT
    %jmp/1 T_5.12, 5;
    %flag_mov 8, 5;
    %load/vec4 v0x621383fcaca0_0;
    %flag_set/vec4 10;
    %flag_get/vec4 10;
    %jmp/0 T_5.13, 10;
    %load/vec4 v0x621383fca8f0_0;
    %parti/s 1, 2, 3;
    %pad/u 32;
    %pushi/vec4 0, 0, 32;
    %cmp/e;
    %flag_get/vec4 4;
    %and;
T_5.13;
    %flag_set/vec4 9;
    %flag_or 9, 8;
    %flag_mov 5, 9;
T_5.12;
    %jmp/0xz  T_5.10, 5;
    %pushi/vec4 1, 0, 2;
    %store/vec4 v0x621383fcae40_0, 0, 2;
T_5.10 ;
    %jmp T_5.9;
T_5.7 ;
    %load/vec4 v0x621383fcaab0_0;
    %cmpi/s 4, 0, 32;
    %flag_inv 5; GE is !LT
    %jmp/0xz  T_5.14, 5;
    %pushi/vec4 2, 0, 2;
    %store/vec4 v0x621383fcae40_0, 0, 2;
T_5.14 ;
    %jmp T_5.9;
T_5.8 ;
    %load/vec4 v0x621383fcaab0_0;
    %cmpi/s 2, 0, 32;
    %flag_inv 5; GE is !LT
    %jmp/0xz  T_5.16, 5;
    %load/vec4 v0x621383fcb0c0_0;
    %flag_set/vec4 8;
    %jmp/0xz  T_5.18, 8;
    %pushi/vec4 7, 0, 3;
    %store/vec4 v0x621383fcaf20_0, 0, 3;
    %pushi/vec4 0, 0, 2;
    %store/vec4 v0x621383fcae40_0, 0, 2;
    %jmp T_5.19;
T_5.18 ;
    %load/vec4 v0x621383fca8f0_0;
    %parti/s 1, 1, 2;
    %flag_set/vec4 8;
    %jmp/0xz  T_5.20, 8;
    %pushi/vec4 3, 0, 3;
    %store/vec4 v0x621383fcaf20_0, 0, 3;
    %pushi/vec4 0, 0, 2;
    %store/vec4 v0x621383fcae40_0, 0, 2;
    %jmp T_5.21;
T_5.20 ;
    %load/vec4 v0x621383fca8f0_0;
    %parti/s 1, 0, 2;
    %flag_set/vec4 8;
    %jmp/0xz  T_5.22, 8;
    %pushi/vec4 6, 0, 3;
    %store/vec4 v0x621383fcaf20_0, 0, 3;
    %pushi/vec4 0, 0, 2;
    %store/vec4 v0x621383fcae40_0, 0, 2;
    %jmp T_5.23;
T_5.22 ;
    %load/vec4 v0x621383fca8f0_0;
    %parti/s 1, 2, 3;
    %flag_set/vec4 8;
    %jmp/0xz  T_5.24, 8;
    %pushi/vec4 5, 0, 3;
    %store/vec4 v0x621383fcaf20_0, 0, 3;
    %pushi/vec4 0, 0, 2;
    %store/vec4 v0x621383fcae40_0, 0, 2;
    %jmp T_5.25;
T_5.24 ;
    %pushi/vec4 5, 0, 3;
    %store/vec4 v0x621383fcaf20_0, 0, 3;
    %pushi/vec4 0, 0, 2;
    %store/vec4 v0x621383fcae40_0, 0, 2;
T_5.25 ;
T_5.23 ;
T_5.21 ;
T_5.19 ;
T_5.16 ;
    %jmp T_5.9;
T_5.9 ;
    %pop/vec4 1;
    %jmp T_5.5;
T_5.1 ;
    %load/vec4 v0x621383fcad60_0;
    %dup/vec4;
    %pushi/vec4 0, 0, 2;
    %cmp/u;
    %jmp/1 T_5.26, 6;
    %dup/vec4;
    %pushi/vec4 1, 0, 2;
    %cmp/u;
    %jmp/1 T_5.27, 6;
    %dup/vec4;
    %pushi/vec4 2, 0, 2;
    %cmp/u;
    %jmp/1 T_5.28, 6;
    %jmp T_5.29;
T_5.26 ;
    %load/vec4 v0x621383fcaab0_0;
    %cmpi/s 10, 0, 32;
    %flag_inv 5; GE is !LT
    %jmp/1 T_5.32, 5;
    %flag_mov 8, 5;
    %load/vec4 v0x621383fcaca0_0;
    %flag_set/vec4 10;
    %flag_get/vec4 10;
    %jmp/0 T_5.33, 10;
    %load/vec4 v0x621383fca8f0_0;
    %parti/s 1, 1, 2;
    %pad/u 32;
    %pushi/vec4 0, 0, 32;
    %cmp/e;
    %flag_get/vec4 4;
    %and;
T_5.33;
    %flag_set/vec4 9;
    %flag_or 9, 8;
    %flag_mov 5, 9;
T_5.32;
    %jmp/0xz  T_5.30, 5;
    %pushi/vec4 1, 0, 2;
    %store/vec4 v0x621383fcae40_0, 0, 2;
T_5.30 ;
    %jmp T_5.29;
T_5.27 ;
    %load/vec4 v0x621383fcaab0_0;
    %cmpi/s 4, 0, 32;
    %flag_inv 5; GE is !LT
    %jmp/0xz  T_5.34, 5;
    %pushi/vec4 2, 0, 2;
    %store/vec4 v0x621383fcae40_0, 0, 2;
T_5.34 ;
    %jmp T_5.29;
T_5.28 ;
    %load/vec4 v0x621383fcaab0_0;
    %cmpi/s 2, 0, 32;
    %flag_inv 5; GE is !LT
    %jmp/0xz  T_5.36, 5;
    %load/vec4 v0x621383fcb0c0_0;
    %flag_set/vec4 8;
    %jmp/0xz  T_5.38, 8;
    %pushi/vec4 7, 0, 3;
    %store/vec4 v0x621383fcaf20_0, 0, 3;
    %pushi/vec4 0, 0, 2;
    %store/vec4 v0x621383fcae40_0, 0, 2;
    %jmp T_5.39;
T_5.38 ;
    %load/vec4 v0x621383fca8f0_0;
    %parti/s 1, 0, 2;
    %flag_set/vec4 8;
    %jmp/0xz  T_5.40, 8;
    %pushi/vec4 6, 0, 3;
    %store/vec4 v0x621383fcaf20_0, 0, 3;
    %pushi/vec4 0, 0, 2;
    %store/vec4 v0x621383fcae40_0, 0, 2;
    %jmp T_5.41;
T_5.40 ;
    %load/vec4 v0x621383fca8f0_0;
    %parti/s 1, 2, 3;
    %flag_set/vec4 8;
    %jmp/0xz  T_5.42, 8;
    %pushi/vec4 5, 0, 3;
    %store/vec4 v0x621383fcaf20_0, 0, 3;
    %pushi/vec4 0, 0, 2;
    %store/vec4 v0x621383fcae40_0, 0, 2;
    %jmp T_5.43;
T_5.42 ;
    %pushi/vec4 3, 0, 3;
    %store/vec4 v0x621383fcaf20_0, 0, 3;
    %pushi/vec4 0, 0, 2;
    %store/vec4 v0x621383fcae40_0, 0, 2;
T_5.43 ;
T_5.41 ;
T_5.39 ;
T_5.36 ;
    %jmp T_5.29;
T_5.29 ;
    %pop/vec4 1;
    %jmp T_5.5;
T_5.2 ;
    %load/vec4 v0x621383fcad60_0;
    %dup/vec4;
    %pushi/vec4 0, 0, 2;
    %cmp/u;
    %jmp/1 T_5.44, 6;
    %dup/vec4;
    %pushi/vec4 1, 0, 2;
    %cmp/u;
    %jmp/1 T_5.45, 6;
    %dup/vec4;
    %pushi/vec4 2, 0, 2;
    %cmp/u;
    %jmp/1 T_5.46, 6;
    %jmp T_5.47;
T_5.44 ;
    %load/vec4 v0x621383fcaab0_0;
    %cmpi/s 10, 0, 32;
    %flag_inv 5; GE is !LT
    %jmp/1 T_5.50, 5;
    %flag_mov 8, 5;
    %load/vec4 v0x621383fcaca0_0;
    %flag_set/vec4 10;
    %flag_get/vec4 10;
    %jmp/0 T_5.51, 10;
    %load/vec4 v0x621383fca8f0_0;
    %parti/s 1, 0, 2;
    %pad/u 32;
    %pushi/vec4 0, 0, 32;
    %cmp/e;
    %flag_get/vec4 4;
    %and;
T_5.51;
    %flag_set/vec4 9;
    %flag_or 9, 8;
    %flag_mov 5, 9;
T_5.50;
    %jmp/0xz  T_5.48, 5;
    %pushi/vec4 1, 0, 2;
    %store/vec4 v0x621383fcae40_0, 0, 2;
T_5.48 ;
    %jmp T_5.47;
T_5.45 ;
    %load/vec4 v0x621383fcaab0_0;
    %cmpi/s 4, 0, 32;
    %flag_inv 5; GE is !LT
    %jmp/0xz  T_5.52, 5;
    %pushi/vec4 2, 0, 2;
    %store/vec4 v0x621383fcae40_0, 0, 2;
T_5.52 ;
    %jmp T_5.47;
T_5.46 ;
    %load/vec4 v0x621383fcaab0_0;
    %cmpi/s 2, 0, 32;
    %flag_inv 5; GE is !LT
    %jmp/0xz  T_5.54, 5;
    %load/vec4 v0x621383fcb0c0_0;
    %flag_set/vec4 8;
    %jmp/0xz  T_5.56, 8;
    %pushi/vec4 7, 0, 3;
    %store/vec4 v0x621383fcaf20_0, 0, 3;
    %pushi/vec4 0, 0, 2;
    %store/vec4 v0x621383fcae40_0, 0, 2;
    %jmp T_5.57;
T_5.56 ;
    %load/vec4 v0x621383fca8f0_0;
    %parti/s 1, 2, 3;
    %flag_set/vec4 8;
    %jmp/0xz  T_5.58, 8;
    %pushi/vec4 5, 0, 3;
    %store/vec4 v0x621383fcaf20_0, 0, 3;
    %pushi/vec4 0, 0, 2;
    %store/vec4 v0x621383fcae40_0, 0, 2;
    %jmp T_5.59;
T_5.58 ;
    %load/vec4 v0x621383fca8f0_0;
    %parti/s 1, 1, 2;
    %flag_set/vec4 8;
    %jmp/0xz  T_5.60, 8;
    %pushi/vec4 3, 0, 3;
    %store/vec4 v0x621383fcaf20_0, 0, 3;
    %pushi/vec4 0, 0, 2;
    %store/vec4 v0x621383fcae40_0, 0, 2;
    %jmp T_5.61;
T_5.60 ;
    %pushi/vec4 6, 0, 3;
    %store/vec4 v0x621383fcaf20_0, 0, 3;
    %pushi/vec4 0, 0, 2;
    %store/vec4 v0x621383fcae40_0, 0, 2;
T_5.61 ;
T_5.59 ;
T_5.57 ;
T_5.54 ;
    %jmp T_5.47;
T_5.47 ;
    %pop/vec4 1;
    %jmp T_5.5;
T_5.3 ;
    %load/vec4 v0x621383fcad60_0;
    %dup/vec4;
    %pushi/vec4 0, 0, 2;
    %cmp/u;
    %jmp/1 T_5.62, 6;
    %dup/vec4;
    %pushi/vec4 1, 0, 2;
    %cmp/u;
    %jmp/1 T_5.63, 6;
    %dup/vec4;
    %pushi/vec4 2, 0, 2;
    %cmp/u;
    %jmp/1 T_5.64, 6;
    %jmp T_5.65;
T_5.62 ;
    %load/vec4 v0x621383fcaab0_0;
    %cmpi/s 10, 0, 32;
    %flag_inv 5; GE is !LT
    %jmp/0xz  T_5.66, 5;
    %pushi/vec4 1, 0, 2;
    %store/vec4 v0x621383fcae40_0, 0, 2;
T_5.66 ;
    %jmp T_5.65;
T_5.63 ;
    %load/vec4 v0x621383fcaab0_0;
    %cmpi/s 6, 0, 32;
    %flag_inv 5; GE is !LT
    %jmp/0xz  T_5.68, 5;
    %pushi/vec4 2, 0, 2;
    %store/vec4 v0x621383fcae40_0, 0, 2;
T_5.68 ;
    %jmp T_5.65;
T_5.64 ;
    %load/vec4 v0x621383fcaab0_0;
    %cmpi/s 2, 0, 32;
    %flag_inv 5; GE is !LT
    %jmp/0xz  T_5.70, 5;
    %load/vec4 v0x621383fca8f0_0;
    %parti/s 1, 2, 3;
    %flag_set/vec4 8;
    %jmp/0xz  T_5.72, 8;
    %pushi/vec4 5, 0, 3;
    %store/vec4 v0x621383fcaf20_0, 0, 3;
    %pushi/vec4 0, 0, 2;
    %store/vec4 v0x621383fcae40_0, 0, 2;
    %jmp T_5.73;
T_5.72 ;
    %load/vec4 v0x621383fca8f0_0;
    %parti/s 1, 1, 2;
    %flag_set/vec4 8;
    %jmp/0xz  T_5.74, 8;
    %pushi/vec4 3, 0, 3;
    %store/vec4 v0x621383fcaf20_0, 0, 3;
    %pushi/vec4 0, 0, 2;
    %store/vec4 v0x621383fcae40_0, 0, 2;
    %jmp T_5.75;
T_5.74 ;
    %load/vec4 v0x621383fca8f0_0;
    %parti/s 1, 0, 2;
    %flag_set/vec4 8;
    %jmp/0xz  T_5.76, 8;
    %pushi/vec4 6, 0, 3;
    %store/vec4 v0x621383fcaf20_0, 0, 3;
    %pushi/vec4 0, 0, 2;
    %store/vec4 v0x621383fcae40_0, 0, 2;
    %jmp T_5.77;
T_5.76 ;
    %pushi/vec4 5, 0, 3;
    %store/vec4 v0x621383fcaf20_0, 0, 3;
    %pushi/vec4 0, 0, 2;
    %store/vec4 v0x621383fcae40_0, 0, 2;
T_5.77 ;
T_5.75 ;
T_5.73 ;
T_5.70 ;
    %jmp T_5.65;
T_5.65 ;
    %pop/vec4 1;
    %jmp T_5.5;
T_5.5 ;
    %pop/vec4 1;
    %jmp T_5;
    .thread T_5, $push;
    .scope S_0x621383fc9ba0;
T_6 ;
    %wait E_0x621383f8d420;
    %load/vec4 v0x621383fcad60_0;
    %cmpi/ne 0, 0, 2;
    %flag_get/vec4 4;
    %jmp/0 T_6.2, 4;
    %load/vec4 v0x621383fcae40_0;
    %pushi/vec4 0, 0, 2;
    %cmp/e;
    %flag_get/vec4 4;
    %and;
T_6.2;
    %flag_set/vec4 8;
    %jmp/0xz  T_6.0, 8;
    %load/vec4 v0x621383fcaf20_0;
    %dup/vec4;
    %pushi/vec4 5, 0, 3;
    %cmp/u;
    %jmp/1 T_6.3, 6;
    %dup/vec4;
    %pushi/vec4 3, 0, 3;
    %cmp/u;
    %jmp/1 T_6.4, 6;
    %dup/vec4;
    %pushi/vec4 6, 0, 3;
    %cmp/u;
    %jmp/1 T_6.5, 6;
    %pushi/vec4 0, 0, 1;
    %assign/vec4 v0x621383fcaca0_0, 0;
    %jmp T_6.7;
T_6.3 ;
    %load/vec4 v0x621383fca8f0_0;
    %parti/s 1, 2, 3;
    %assign/vec4 v0x621383fcaca0_0, 0;
    %jmp T_6.7;
T_6.4 ;
    %load/vec4 v0x621383fca8f0_0;
    %parti/s 1, 1, 2;
    %assign/vec4 v0x621383fcaca0_0, 0;
    %jmp T_6.7;
T_6.5 ;
    %load/vec4 v0x621383fca8f0_0;
    %parti/s 1, 0, 2;
    %assign/vec4 v0x621383fcaca0_0, 0;
    %jmp T_6.7;
T_6.7 ;
    %pop/vec4 1;
T_6.0 ;
    %jmp T_6;
    .thread T_6;
    .scope S_0x621383fc9ba0;
T_7 ;
    %wait E_0x621383f54fc0;
    %load/vec4 v0x621383fcb180_0;
    %store/vec4 v0x621383fca810_0, 0, 3;
    %jmp T_7;
    .thread T_7, $push;
    .scope S_0x621383f8e740;
T_8 ;
    %vpi_call 2 29 "$dumpfile", "traffic.vcd" {0 0 0};
    %vpi_call 2 30 "$dumpvars", 32'sb00000000000000000000000000000000, S_0x621383f8e740 {0 0 0};
    %pushi/vec4 0, 0, 2;
    %store/vec4 v0x621383fcb3d0_0, 0, 2;
    %pushi/vec4 0, 0, 3;
    %store/vec4 v0x621383fcb580_0, 0, 3;
    %delay 50000, 0;
    %pushi/vec4 4, 0, 3;
    %store/vec4 v0x621383fcb580_0, 0, 3;
    %delay 30000, 0;
    %pushi/vec4 2, 0, 3;
    %store/vec4 v0x621383fcb580_0, 0, 3;
    %delay 50000, 0;
    %pushi/vec4 1, 0, 2;
    %store/vec4 v0x621383fcb3d0_0, 0, 2;
    %delay 1000, 0;
    %pushi/vec4 0, 0, 2;
    %store/vec4 v0x621383fcb3d0_0, 0, 2;
    %delay 20000, 0;
    %pushi/vec4 0, 0, 3;
    %store/vec4 v0x621383fcb580_0, 0, 3;
    %delay 10000, 0;
    %pushi/vec4 3, 0, 2;
    %store/vec4 v0x621383fcb3d0_0, 0, 2;
    %delay 10000, 0;
    %pushi/vec4 0, 0, 2;
    %store/vec4 v0x621383fcb3d0_0, 0, 2;
    %delay 20000, 0;
    %pushi/vec4 1, 0, 3;
    %store/vec4 v0x621383fcb580_0, 0, 3;
    %delay 20000, 0;
    %pushi/vec4 0, 0, 3;
    %store/vec4 v0x621383fcb580_0, 0, 3;
    %delay 50000, 0;
    %vpi_call 2 60 "$finish" {0 0 0};
    %end;
    .thread T_8;
# The file index is used to find the file name in the following table.
:file_names 5;
    "N/A";
    "<interactive>";
    "./testbench/controller_tb.v";
    "./rtl/clk_timer.v";
    "./rtl/controller.v";
