#! /usr/bin/vvp
:ivl_version "12.0 (stable)";
:ivl_delay_selection "TYPICAL";
:vpi_time_precision - 12;
:vpi_module "/usr/lib/x86_64-linux-gnu/ivl/system.vpi";
:vpi_module "/usr/lib/x86_64-linux-gnu/ivl/vhdl_sys.vpi";
:vpi_module "/usr/lib/x86_64-linux-gnu/ivl/vhdl_textio.vpi";
:vpi_module "/usr/lib/x86_64-linux-gnu/ivl/v2005_math.vpi";
:vpi_module "/usr/lib/x86_64-linux-gnu/ivl/va_math.vpi";
S_0x62c41a0869f0 .scope module, "tb_extractor" "tb_extractor" 2 3;
 .timescale -9 -12;
v0x62c41a09aa60_0 .net "imm_data", 31 0, v0x62c41a086d60_0;  1 drivers
v0x62c41a09ab20_0 .var "instruction", 31 0;
S_0x62c41a086b80 .scope module, "uut" "extractor" 2 8, 3 1 0, S_0x62c41a0869f0;
 .timescale 0 0;
    .port_info 0 /INPUT 32 "instruction";
    .port_info 1 /OUTPUT 32 "imm_data";
v0x62c41a086d60_0 .var "imm_data", 31 0;
v0x62c41a09a920_0 .net "instruction", 31 0, v0x62c41a09ab20_0;  1 drivers
E_0x62c41a049a30 .event anyedge, v0x62c41a09a920_0;
    .scope S_0x62c41a086b80;
T_0 ;
    %wait E_0x62c41a049a30;
    %load/vec4 v0x62c41a09a920_0;
    %parti/s 7, 0, 2;
    %dup/vec4;
    %pushi/vec4 19, 0, 7;
    %cmp/u;
    %jmp/1 T_0.0, 6;
    %dup/vec4;
    %pushi/vec4 3, 0, 7;
    %cmp/u;
    %jmp/1 T_0.1, 6;
    %dup/vec4;
    %pushi/vec4 35, 0, 7;
    %cmp/u;
    %jmp/1 T_0.2, 6;
    %dup/vec4;
    %pushi/vec4 99, 0, 7;
    %cmp/u;
    %jmp/1 T_0.3, 6;
    %dup/vec4;
    %pushi/vec4 55, 0, 7;
    %cmp/u;
    %jmp/1 T_0.4, 6;
    %dup/vec4;
    %pushi/vec4 23, 0, 7;
    %cmp/u;
    %jmp/1 T_0.5, 6;
    %dup/vec4;
    %pushi/vec4 111, 0, 7;
    %cmp/u;
    %jmp/1 T_0.6, 6;
    %pushi/vec4 0, 0, 32;
    %store/vec4 v0x62c41a086d60_0, 0, 32;
    %jmp T_0.8;
T_0.0 ;
    %load/vec4 v0x62c41a09a920_0;
    %parti/s 1, 31, 6;
    %replicate 20;
    %load/vec4 v0x62c41a09a920_0;
    %parti/s 12, 20, 6;
    %concat/vec4; draw_concat_vec4
    %store/vec4 v0x62c41a086d60_0, 0, 32;
    %jmp T_0.8;
T_0.1 ;
    %load/vec4 v0x62c41a09a920_0;
    %parti/s 1, 31, 6;
    %replicate 20;
    %load/vec4 v0x62c41a09a920_0;
    %parti/s 12, 20, 6;
    %concat/vec4; draw_concat_vec4
    %store/vec4 v0x62c41a086d60_0, 0, 32;
    %jmp T_0.8;
T_0.2 ;
    %load/vec4 v0x62c41a09a920_0;
    %parti/s 1, 31, 6;
    %replicate 20;
    %load/vec4 v0x62c41a09a920_0;
    %parti/s 7, 25, 6;
    %concat/vec4; draw_concat_vec4
    %load/vec4 v0x62c41a09a920_0;
    %parti/s 5, 7, 4;
    %concat/vec4; draw_concat_vec4
    %store/vec4 v0x62c41a086d60_0, 0, 32;
    %jmp T_0.8;
T_0.3 ;
    %load/vec4 v0x62c41a09a920_0;
    %parti/s 1, 31, 6;
    %replicate 19;
    %load/vec4 v0x62c41a09a920_0;
    %parti/s 1, 31, 6;
    %concat/vec4; draw_concat_vec4
    %load/vec4 v0x62c41a09a920_0;
    %parti/s 1, 7, 4;
    %concat/vec4; draw_concat_vec4
    %load/vec4 v0x62c41a09a920_0;
    %parti/s 6, 25, 6;
    %concat/vec4; draw_concat_vec4
    %load/vec4 v0x62c41a09a920_0;
    %parti/s 4, 8, 5;
    %concat/vec4; draw_concat_vec4
    %concati/vec4 0, 0, 1;
    %store/vec4 v0x62c41a086d60_0, 0, 32;
    %jmp T_0.8;
T_0.4 ;
    %load/vec4 v0x62c41a09a920_0;
    %parti/s 20, 12, 5;
    %concati/vec4 0, 0, 12;
    %store/vec4 v0x62c41a086d60_0, 0, 32;
    %jmp T_0.8;
T_0.5 ;
    %load/vec4 v0x62c41a09a920_0;
    %parti/s 20, 12, 5;
    %concati/vec4 0, 0, 12;
    %store/vec4 v0x62c41a086d60_0, 0, 32;
    %jmp T_0.8;
T_0.6 ;
    %load/vec4 v0x62c41a09a920_0;
    %parti/s 1, 31, 6;
    %replicate 11;
    %load/vec4 v0x62c41a09a920_0;
    %parti/s 1, 31, 6;
    %concat/vec4; draw_concat_vec4
    %load/vec4 v0x62c41a09a920_0;
    %parti/s 8, 12, 5;
    %concat/vec4; draw_concat_vec4
    %load/vec4 v0x62c41a09a920_0;
    %parti/s 1, 20, 6;
    %concat/vec4; draw_concat_vec4
    %load/vec4 v0x62c41a09a920_0;
    %parti/s 10, 21, 6;
    %concat/vec4; draw_concat_vec4
    %concati/vec4 0, 0, 1;
    %store/vec4 v0x62c41a086d60_0, 0, 32;
    %jmp T_0.8;
T_0.8 ;
    %pop/vec4 1;
    %jmp T_0;
    .thread T_0, $push;
    .scope S_0x62c41a0869f0;
T_1 ;
    %vpi_call 2 14 "$dumpfile", "dump.vcd" {0 0 0};
    %vpi_call 2 15 "$dumpvars", 32'sb00000000000000000000000000000000, S_0x62c41a0869f0 {0 0 0};
    %pushi/vec4 5243027, 0, 32;
    %store/vec4 v0x62c41a09ab20_0, 0, 32;
    %delay 10000, 0;
    %pushi/vec4 2138659, 0, 32;
    %store/vec4 v0x62c41a09ab20_0, 0, 32;
    %delay 10000, 0;
    %pushi/vec4 2130275, 0, 32;
    %store/vec4 v0x62c41a09ab20_0, 0, 32;
    %delay 10000, 0;
    %pushi/vec4 4279, 0, 32;
    %store/vec4 v0x62c41a09ab20_0, 0, 32;
    %delay 10000, 0;
    %pushi/vec4 1048815, 0, 32;
    %store/vec4 v0x62c41a09ab20_0, 0, 32;
    %delay 10000, 0;
    %vpi_call 2 37 "$finish" {0 0 0};
    %end;
    .thread T_1;
# The file index is used to find the file name in the following table.
:file_names 4;
    "N/A";
    "<interactive>";
    "tb_extractor.v";
    "extractor.v";
