#! /usr/bin/vvp
:ivl_version "12.0 (stable)";
:ivl_delay_selection "TYPICAL";
:vpi_time_precision - 12;
:vpi_module "/usr/lib/x86_64-linux-gnu/ivl/system.vpi";
:vpi_module "/usr/lib/x86_64-linux-gnu/ivl/vhdl_sys.vpi";
:vpi_module "/usr/lib/x86_64-linux-gnu/ivl/vhdl_textio.vpi";
:vpi_module "/usr/lib/x86_64-linux-gnu/ivl/v2005_math.vpi";
:vpi_module "/usr/lib/x86_64-linux-gnu/ivl/va_math.vpi";
S_0x5c423c164a90 .scope module, "tb_Instruction_Memory" "tb_Instruction_Memory" 2 3;
 .timescale -9 -12;
v0x5c423c179020_0 .var "addr", 31 0;
v0x5c423c1790e0_0 .net "instruction", 31 0, L_0x5c423c179560;  1 drivers
S_0x5c423c164c20 .scope module, "uut" "Instruction_Memory" 2 8, 3 1 0, S_0x5c423c164a90;
 .timescale 0 0;
    .port_info 0 /INPUT 32 "addr";
    .port_info 1 /OUTPUT 32 "instruction";
L_0x5c423c179560 .functor BUFZ 32, L_0x5c423c1791b0, C4<00000000000000000000000000000000>, C4<00000000000000000000000000000000>, C4<00000000000000000000000000000000>;
v0x5c423c164e00_0 .net *"_ivl_0", 31 0, L_0x5c423c1791b0;  1 drivers
v0x5c423c178a70_0 .net *"_ivl_3", 7 0, L_0x5c423c1792b0;  1 drivers
v0x5c423c178b50_0 .net *"_ivl_4", 9 0, L_0x5c423c1793d0;  1 drivers
L_0x70e932e8f018 .functor BUFT 1, C4<00>, C4<0>, C4<0>, C4<0>;
v0x5c423c178c10_0 .net *"_ivl_7", 1 0, L_0x70e932e8f018;  1 drivers
v0x5c423c178cf0_0 .net "addr", 31 0, v0x5c423c179020_0;  1 drivers
v0x5c423c178e20_0 .net "instruction", 31 0, L_0x5c423c179560;  alias, 1 drivers
v0x5c423c178f00 .array "memory", 255 0, 31 0;
L_0x5c423c1791b0 .array/port v0x5c423c178f00, L_0x5c423c1793d0;
L_0x5c423c1792b0 .part v0x5c423c179020_0, 2, 8;
L_0x5c423c1793d0 .concat [ 8 2 0 0], L_0x5c423c1792b0, L_0x70e932e8f018;
    .scope S_0x5c423c164c20;
T_0 ;
    %pushi/vec4 5243027, 0, 32;
    %ix/load 4, 0, 0;
    %flag_set/imm 4, 0;
    %store/vec4a v0x5c423c178f00, 4, 0;
    %pushi/vec4 10486035, 0, 32;
    %ix/load 4, 1, 0;
    %flag_set/imm 4, 0;
    %store/vec4a v0x5c423c178f00, 4, 0;
    %pushi/vec4 2130355, 0, 32;
    %ix/load 4, 2, 0;
    %flag_set/imm 4, 0;
    %store/vec4a v0x5c423c178f00, 4, 0;
    %pushi/vec4 3153955, 0, 32;
    %ix/load 4, 3, 0;
    %flag_set/imm 4, 0;
    %store/vec4a v0x5c423c178f00, 4, 0;
    %pushi/vec4 19, 0, 32;
    %ix/load 4, 4, 0;
    %flag_set/imm 4, 0;
    %store/vec4a v0x5c423c178f00, 4, 0;
    %end;
    .thread T_0;
    .scope S_0x5c423c164a90;
T_1 ;
    %vpi_call 2 14 "$dumpfile", "dump.vcd" {0 0 0};
    %vpi_call 2 15 "$dumpvars", 32'sb00000000000000000000000000000000, S_0x5c423c164a90 {0 0 0};
    %pushi/vec4 0, 0, 32;
    %store/vec4 v0x5c423c179020_0, 0, 32;
    %delay 10000, 0;
    %pushi/vec4 4, 0, 32;
    %store/vec4 v0x5c423c179020_0, 0, 32;
    %delay 10000, 0;
    %pushi/vec4 8, 0, 32;
    %store/vec4 v0x5c423c179020_0, 0, 32;
    %delay 10000, 0;
    %pushi/vec4 12, 0, 32;
    %store/vec4 v0x5c423c179020_0, 0, 32;
    %delay 10000, 0;
    %pushi/vec4 16, 0, 32;
    %store/vec4 v0x5c423c179020_0, 0, 32;
    %delay 10000, 0;
    %vpi_call 2 24 "$finish" {0 0 0};
    %end;
    .thread T_1;
    .scope S_0x5c423c164a90;
T_2 ;
    %vpi_call 2 28 "$monitor", "Time=%0t | Addr=%h | Instruction=%h", $time, v0x5c423c179020_0, v0x5c423c1790e0_0 {0 0 0};
    %end;
    .thread T_2;
# The file index is used to find the file name in the following table.
:file_names 4;
    "N/A";
    "<interactive>";
    "tb_Instruction_Memory.v";
    "Instruction_Memory.v";
