#! /usr/bin/vvp
:ivl_version "12.0 (stable)";
:ivl_delay_selection "TYPICAL";
:vpi_time_precision - 12;
:vpi_module "/usr/lib/x86_64-linux-gnu/ivl/system.vpi";
:vpi_module "/usr/lib/x86_64-linux-gnu/ivl/vhdl_sys.vpi";
:vpi_module "/usr/lib/x86_64-linux-gnu/ivl/vhdl_textio.vpi";
:vpi_module "/usr/lib/x86_64-linux-gnu/ivl/v2005_math.vpi";
:vpi_module "/usr/lib/x86_64-linux-gnu/ivl/va_math.vpi";
S_0x5a56029e0c70 .scope module, "tb_parser" "tb_parser" 2 3;
 .timescale -9 -12;
v0x5a56029f6e10_0 .net "funct3", 2 0, L_0x5a56029f7590;  1 drivers
v0x5a56029f6ef0_0 .net "funct7", 6 0, L_0x5a56029f7840;  1 drivers
v0x5a56029f6f90_0 .var "instruction", 31 0;
v0x5a56029f7030_0 .net "opcode", 6 0, L_0x5a56029f7360;  1 drivers
v0x5a56029f70d0_0 .net "rd", 4 0, L_0x5a56029f74a0;  1 drivers
v0x5a56029f71c0_0 .net "rs1", 4 0, L_0x5a56029f7680;  1 drivers
v0x5a56029f7290_0 .net "rs2", 4 0, L_0x5a56029f7750;  1 drivers
S_0x5a56029e0e00 .scope module, "uut" "parser" 2 12, 3 1 0, S_0x5a56029e0c70;
 .timescale 0 0;
    .port_info 0 /INPUT 32 "instruction";
    .port_info 1 /OUTPUT 7 "opcode";
    .port_info 2 /OUTPUT 5 "rd";
    .port_info 3 /OUTPUT 3 "funct3";
    .port_info 4 /OUTPUT 5 "rs1";
    .port_info 5 /OUTPUT 5 "rs2";
    .port_info 6 /OUTPUT 7 "funct7";
v0x5a56029a5490_0 .net "funct3", 2 0, L_0x5a56029f7590;  alias, 1 drivers
v0x5a56029f67c0_0 .net "funct7", 6 0, L_0x5a56029f7840;  alias, 1 drivers
v0x5a56029f68a0_0 .net "instruction", 31 0, v0x5a56029f6f90_0;  1 drivers
v0x5a56029f6960_0 .net "opcode", 6 0, L_0x5a56029f7360;  alias, 1 drivers
v0x5a56029f6a40_0 .net "rd", 4 0, L_0x5a56029f74a0;  alias, 1 drivers
v0x5a56029f6b70_0 .net "rs1", 4 0, L_0x5a56029f7680;  alias, 1 drivers
v0x5a56029f6c50_0 .net "rs2", 4 0, L_0x5a56029f7750;  alias, 1 drivers
L_0x5a56029f7360 .part v0x5a56029f6f90_0, 0, 7;
L_0x5a56029f74a0 .part v0x5a56029f6f90_0, 7, 5;
L_0x5a56029f7590 .part v0x5a56029f6f90_0, 12, 3;
L_0x5a56029f7680 .part v0x5a56029f6f90_0, 15, 5;
L_0x5a56029f7750 .part v0x5a56029f6f90_0, 20, 5;
L_0x5a56029f7840 .part v0x5a56029f6f90_0, 25, 7;
    .scope S_0x5a56029e0c70;
T_0 ;
    %vpi_call 2 23 "$dumpfile", "dump.vcd" {0 0 0};
    %vpi_call 2 24 "$dumpvars", 32'sb00000000000000000000000000000000, S_0x5a56029e0c70 {0 0 0};
    %pushi/vec4 2130355, 0, 32;
    %store/vec4 v0x5a56029f6f90_0, 0, 32;
    %delay 10000, 0;
    %pushi/vec4 1078035123, 0, 32;
    %store/vec4 v0x5a56029f6f90_0, 0, 32;
    %delay 10000, 0;
    %pushi/vec4 10485907, 0, 32;
    %store/vec4 v0x5a56029f6f90_0, 0, 32;
    %delay 10000, 0;
    %vpi_call 2 38 "$finish" {0 0 0};
    %end;
    .thread T_0;
    .scope S_0x5a56029e0c70;
T_1 ;
    %vpi_call 2 42 "$monitor", "Time=%0t | instr=%h | opcode=%b | rd=%d | rs1=%d | rs2=%d | funct3=%b | funct7=%b", $time, v0x5a56029f6f90_0, v0x5a56029f7030_0, v0x5a56029f70d0_0, v0x5a56029f71c0_0, v0x5a56029f7290_0, v0x5a56029f6e10_0, v0x5a56029f6ef0_0 {0 0 0};
    %end;
    .thread T_1;
# The file index is used to find the file name in the following table.
:file_names 4;
    "N/A";
    "<interactive>";
    "tb_parser.v";
    "parser.v";
