#! /usr/bin/vvp
:ivl_version "12.0 (stable)";
:ivl_delay_selection "TYPICAL";
:vpi_time_precision - 12;
:vpi_module "/usr/lib/x86_64-linux-gnu/ivl/system.vpi";
:vpi_module "/usr/lib/x86_64-linux-gnu/ivl/vhdl_sys.vpi";
:vpi_module "/usr/lib/x86_64-linux-gnu/ivl/vhdl_textio.vpi";
:vpi_module "/usr/lib/x86_64-linux-gnu/ivl/v2005_math.vpi";
:vpi_module "/usr/lib/x86_64-linux-gnu/ivl/va_math.vpi";
S_0x5b97aec00db0 .scope module, "tb_registerFile" "tb_registerFile" 2 3;
 .timescale -9 -12;
v0x5b97aec1e7a0_0 .var "clk", 0 0;
v0x5b97aec1e860_0 .var "rd", 4 0;
v0x5b97aec1e930_0 .net "readData1", 31 0, L_0x5b97aec2f3a0;  1 drivers
v0x5b97aec1ea30_0 .net "readData2", 31 0, L_0x5b97aec2fac0;  1 drivers
v0x5b97aec1eb00_0 .var "regWrite", 0 0;
v0x5b97aec1eba0_0 .var "rs1", 4 0;
v0x5b97aec1ec70_0 .var "rs2", 4 0;
v0x5b97aec1ed40_0 .var "writeData", 31 0;
S_0x5b97aec00f40 .scope module, "uut" "registerFile" 2 12, 3 1 0, S_0x5b97aec00db0;
 .timescale 0 0;
    .port_info 0 /INPUT 1 "clk";
    .port_info 1 /INPUT 1 "regWrite";
    .port_info 2 /INPUT 5 "rs1";
    .port_info 3 /INPUT 5 "rs2";
    .port_info 4 /INPUT 5 "rd";
    .port_info 5 /INPUT 32 "writeData";
    .port_info 6 /OUTPUT 32 "readData1";
    .port_info 7 /OUTPUT 32 "readData2";
v0x5b97aebc4490_0 .net *"_ivl_0", 31 0, L_0x5b97aec1ee10;  1 drivers
v0x5b97aec1d130_0 .net *"_ivl_10", 31 0, L_0x5b97aec2f130;  1 drivers
v0x5b97aec1d210_0 .net *"_ivl_12", 6 0, L_0x5b97aec2f230;  1 drivers
L_0x7fd2a94ce0f0 .functor BUFT 1, C4<00>, C4<0>, C4<0>, C4<0>;
v0x5b97aec1d2d0_0 .net *"_ivl_15", 1 0, L_0x7fd2a94ce0f0;  1 drivers
v0x5b97aec1d3b0_0 .net *"_ivl_18", 31 0, L_0x5b97aec2f580;  1 drivers
L_0x7fd2a94ce138 .functor BUFT 1, C4<000000000000000000000000000>, C4<0>, C4<0>, C4<0>;
v0x5b97aec1d4e0_0 .net *"_ivl_21", 26 0, L_0x7fd2a94ce138;  1 drivers
L_0x7fd2a94ce180 .functor BUFT 1, C4<00000000000000000000000000000000>, C4<0>, C4<0>, C4<0>;
v0x5b97aec1d5c0_0 .net/2u *"_ivl_22", 31 0, L_0x7fd2a94ce180;  1 drivers
v0x5b97aec1d6a0_0 .net *"_ivl_24", 0 0, L_0x5b97aec2f750;  1 drivers
L_0x7fd2a94ce1c8 .functor BUFT 1, C4<00000000000000000000000000000000>, C4<0>, C4<0>, C4<0>;
v0x5b97aec1d760_0 .net/2u *"_ivl_26", 31 0, L_0x7fd2a94ce1c8;  1 drivers
v0x5b97aec1d840_0 .net *"_ivl_28", 31 0, L_0x5b97aec2f890;  1 drivers
L_0x7fd2a94ce018 .functor BUFT 1, C4<000000000000000000000000000>, C4<0>, C4<0>, C4<0>;
v0x5b97aec1d920_0 .net *"_ivl_3", 26 0, L_0x7fd2a94ce018;  1 drivers
v0x5b97aec1da00_0 .net *"_ivl_30", 6 0, L_0x5b97aec2f980;  1 drivers
L_0x7fd2a94ce210 .functor BUFT 1, C4<00>, C4<0>, C4<0>, C4<0>;
v0x5b97aec1dae0_0 .net *"_ivl_33", 1 0, L_0x7fd2a94ce210;  1 drivers
L_0x7fd2a94ce060 .functor BUFT 1, C4<00000000000000000000000000000000>, C4<0>, C4<0>, C4<0>;
v0x5b97aec1dbc0_0 .net/2u *"_ivl_4", 31 0, L_0x7fd2a94ce060;  1 drivers
v0x5b97aec1dca0_0 .net *"_ivl_6", 0 0, L_0x5b97aec2efc0;  1 drivers
L_0x7fd2a94ce0a8 .functor BUFT 1, C4<00000000000000000000000000000000>, C4<0>, C4<0>, C4<0>;
v0x5b97aec1dd60_0 .net/2u *"_ivl_8", 31 0, L_0x7fd2a94ce0a8;  1 drivers
v0x5b97aec1de40_0 .net "clk", 0 0, v0x5b97aec1e7a0_0;  1 drivers
v0x5b97aec1df00_0 .var/i "i", 31 0;
v0x5b97aec1dfe0_0 .net "rd", 4 0, v0x5b97aec1e860_0;  1 drivers
v0x5b97aec1e0c0_0 .net "readData1", 31 0, L_0x5b97aec2f3a0;  alias, 1 drivers
v0x5b97aec1e1a0_0 .net "readData2", 31 0, L_0x5b97aec2fac0;  alias, 1 drivers
v0x5b97aec1e280_0 .net "regWrite", 0 0, v0x5b97aec1eb00_0;  1 drivers
v0x5b97aec1e340 .array "registers", 31 0, 31 0;
v0x5b97aec1e400_0 .net "rs1", 4 0, v0x5b97aec1eba0_0;  1 drivers
v0x5b97aec1e4e0_0 .net "rs2", 4 0, v0x5b97aec1ec70_0;  1 drivers
v0x5b97aec1e5c0_0 .net "writeData", 31 0, v0x5b97aec1ed40_0;  1 drivers
E_0x5b97aebc4f50 .event posedge, v0x5b97aec1de40_0;
L_0x5b97aec1ee10 .concat [ 5 27 0 0], v0x5b97aec1eba0_0, L_0x7fd2a94ce018;
L_0x5b97aec2efc0 .cmp/eq 32, L_0x5b97aec1ee10, L_0x7fd2a94ce060;
L_0x5b97aec2f130 .array/port v0x5b97aec1e340, L_0x5b97aec2f230;
L_0x5b97aec2f230 .concat [ 5 2 0 0], v0x5b97aec1eba0_0, L_0x7fd2a94ce0f0;
L_0x5b97aec2f3a0 .functor MUXZ 32, L_0x5b97aec2f130, L_0x7fd2a94ce0a8, L_0x5b97aec2efc0, C4<>;
L_0x5b97aec2f580 .concat [ 5 27 0 0], v0x5b97aec1ec70_0, L_0x7fd2a94ce138;
L_0x5b97aec2f750 .cmp/eq 32, L_0x5b97aec2f580, L_0x7fd2a94ce180;
L_0x5b97aec2f890 .array/port v0x5b97aec1e340, L_0x5b97aec2f980;
L_0x5b97aec2f980 .concat [ 5 2 0 0], v0x5b97aec1ec70_0, L_0x7fd2a94ce210;
L_0x5b97aec2fac0 .functor MUXZ 32, L_0x5b97aec2f890, L_0x7fd2a94ce1c8, L_0x5b97aec2f750, C4<>;
    .scope S_0x5b97aec00f40;
T_0 ;
    %pushi/vec4 0, 0, 32;
    %store/vec4 v0x5b97aec1df00_0, 0, 32;
T_0.0 ;
    %load/vec4 v0x5b97aec1df00_0;
    %cmpi/s 32, 0, 32;
    %jmp/0xz T_0.1, 5;
    %pushi/vec4 0, 0, 32;
    %ix/getv/s 4, v0x5b97aec1df00_0;
    %store/vec4a v0x5b97aec1e340, 4, 0;
    %load/vec4 v0x5b97aec1df00_0;
    %addi 1, 0, 32;
    %store/vec4 v0x5b97aec1df00_0, 0, 32;
    %jmp T_0.0;
T_0.1 ;
    %end;
    .thread T_0;
    .scope S_0x5b97aec00f40;
T_1 ;
    %wait E_0x5b97aebc4f50;
    %load/vec4 v0x5b97aec1e280_0;
    %flag_set/vec4 9;
    %flag_get/vec4 9;
    %jmp/0 T_1.2, 9;
    %load/vec4 v0x5b97aec1dfe0_0;
    %pad/u 32;
    %pushi/vec4 0, 0, 32;
    %cmp/ne;
    %flag_get/vec4 4;
    %and;
T_1.2;
    %flag_set/vec4 8;
    %jmp/0xz  T_1.0, 8;
    %load/vec4 v0x5b97aec1e5c0_0;
    %load/vec4 v0x5b97aec1dfe0_0;
    %pad/u 7;
    %ix/vec4 3;
    %ix/load 4, 0, 0; Constant delay
    %assign/vec4/a/d v0x5b97aec1e340, 0, 4;
T_1.0 ;
    %jmp T_1;
    .thread T_1;
    .scope S_0x5b97aec00db0;
T_2 ;
    %delay 5000, 0;
    %load/vec4 v0x5b97aec1e7a0_0;
    %inv;
    %store/vec4 v0x5b97aec1e7a0_0, 0, 1;
    %jmp T_2;
    .thread T_2;
    .scope S_0x5b97aec00db0;
T_3 ;
    %vpi_call 2 27 "$dumpfile", "dump.vcd" {0 0 0};
    %vpi_call 2 28 "$dumpvars", 32'sb00000000000000000000000000000000, S_0x5b97aec00db0 {0 0 0};
    %pushi/vec4 0, 0, 1;
    %store/vec4 v0x5b97aec1e7a0_0, 0, 1;
    %pushi/vec4 0, 0, 1;
    %store/vec4 v0x5b97aec1eb00_0, 0, 1;
    %pushi/vec4 1, 0, 5;
    %store/vec4 v0x5b97aec1e860_0, 0, 5;
    %pushi/vec4 100, 0, 32;
    %store/vec4 v0x5b97aec1ed40_0, 0, 32;
    %pushi/vec4 1, 0, 1;
    %store/vec4 v0x5b97aec1eb00_0, 0, 1;
    %delay 10000, 0;
    %pushi/vec4 2, 0, 5;
    %store/vec4 v0x5b97aec1e860_0, 0, 5;
    %pushi/vec4 200, 0, 32;
    %store/vec4 v0x5b97aec1ed40_0, 0, 32;
    %delay 10000, 0;
    %pushi/vec4 0, 0, 1;
    %store/vec4 v0x5b97aec1eb00_0, 0, 1;
    %pushi/vec4 1, 0, 5;
    %store/vec4 v0x5b97aec1eba0_0, 0, 5;
    %pushi/vec4 2, 0, 5;
    %store/vec4 v0x5b97aec1ec70_0, 0, 5;
    %delay 10000, 0;
    %pushi/vec4 1, 0, 1;
    %store/vec4 v0x5b97aec1eb00_0, 0, 1;
    %pushi/vec4 0, 0, 5;
    %store/vec4 v0x5b97aec1e860_0, 0, 5;
    %pushi/vec4 999, 0, 32;
    %store/vec4 v0x5b97aec1ed40_0, 0, 32;
    %delay 10000, 0;
    %pushi/vec4 0, 0, 5;
    %store/vec4 v0x5b97aec1eba0_0, 0, 5;
    %delay 10000, 0;
    %vpi_call 2 61 "$finish" {0 0 0};
    %end;
    .thread T_3;
    .scope S_0x5b97aec00db0;
T_4 ;
    %vpi_call 2 65 "$monitor", "Time=%0t | rs1=%d rs2=%d rd=%d | WD=%d | RD1=%d RD2=%d", $time, v0x5b97aec1eba0_0, v0x5b97aec1ec70_0, v0x5b97aec1e860_0, v0x5b97aec1ed40_0, v0x5b97aec1e930_0, v0x5b97aec1ea30_0 {0 0 0};
    %end;
    .thread T_4;
# The file index is used to find the file name in the following table.
:file_names 4;
    "N/A";
    "<interactive>";
    "tb_registerFile.v";
    "registerFile.v";
