#! /usr/bin/vvp
:ivl_version "12.0 (stable)";
:ivl_delay_selection "TYPICAL";
:vpi_time_precision - 3;
:vpi_module "/usr/lib/x86_64-linux-gnu/ivl/system.vpi";
:vpi_module "/usr/lib/x86_64-linux-gnu/ivl/vhdl_sys.vpi";
:vpi_module "/usr/lib/x86_64-linux-gnu/ivl/vhdl_textio.vpi";
:vpi_module "/usr/lib/x86_64-linux-gnu/ivl/v2005_math.vpi";
:vpi_module "/usr/lib/x86_64-linux-gnu/ivl/va_math.vpi";
S_0x603d88652740 .scope module, "controller_tb" "controller_tb" 2 3;
 .timescale -3 -3;
v0x603d8867c850_0 .var "B", 1 0;
v0x603d8867c930_0 .net "S", 2 0, v0x603d88655fa0_0;  1 drivers
v0x603d8867ca00_0 .var "V", 1 0;
v0x603d8867cb00_0 .net "clk", 0 0, L_0x603d8867cce0;  1 drivers
v0x603d8867cba0_0 .net "time32", 32 0, L_0x603d8867cd50;  1 drivers
S_0x603d886528d0 .scope module, "CLK1" "clk_timer" 2 11, 3 7 0, S_0x603d88652740;
 .timescale -3 -3;
    .port_info 0 /OUTPUT 1 "clk";
    .port_info 1 /OUTPUT 33 "time32";
L_0x603d8867cce0 .functor BUFZ 1, v0x603d88656ac0_0, C4<0>, C4<0>, C4<0>;
L_0x603d8867cd50 .functor BUFZ 33, v0x603d88656560_0, C4<000000000000000000000000000000000>, C4<000000000000000000000000000000000>, C4<000000000000000000000000000000000>;
v0x603d886563f0_0 .net "clk", 0 0, L_0x603d8867cce0;  alias, 1 drivers
v0x603d88656ac0_0 .var "r_clk", 0 0;
v0x603d88656560_0 .var "r_time32", 32 0;
v0x603d88656280_0 .net "time32", 32 0, L_0x603d8867cd50;  alias, 1 drivers
S_0x603d8867b5a0 .scope module, "U0" "controller" 2 17, 4 12 0, S_0x603d88652740;
 .timescale -3 -3;
    .port_info 0 /INPUT 1 "clk";
    .port_info 1 /INPUT 2 "B";
    .port_info 2 /INPUT 2 "V";
    .port_info 3 /INPUT 33 "time32";
    .port_info 4 /OUTPUT 3 "S";
P_0x603d8867b780 .param/l "G0" 0 4 43, C4<00>;
P_0x603d8867b7c0 .param/l "R0" 0 4 45, C4<10>;
P_0x603d8867b800 .param/l "S0" 0 4 37, C4<101>;
P_0x603d8867b840 .param/l "S1" 0 4 38, C4<011>;
P_0x603d8867b880 .param/l "S2" 0 4 39, C4<110>;
P_0x603d8867b8c0 .param/l "S3" 0 4 41, C4<111>;
P_0x603d8867b900 .param/l "Y0" 0 4 44, C4<01>;
P_0x603d8867b940 .param/l "g1" 0 4 48, +C4<00000000000000000000000000010100>;
P_0x603d8867b980 .param/l "g2" 0 4 49, +C4<00000000000000000000000000001010>;
P_0x603d8867b9c0 .param/l "gp" 0 4 53, +C4<00000000000000000000000000001010>;
P_0x603d8867ba00 .param/l "r" 0 4 51, +C4<00000000000000000000000000000010>;
P_0x603d8867ba40 .param/l "y" 0 4 50, +C4<00000000000000000000000000000100>;
P_0x603d8867ba80 .param/l "yp" 0 4 54, +C4<00000000000000000000000000000110>;
v0x603d88656110_0 .net "B", 1 0, v0x603d8867c850_0;  1 drivers
v0x603d88655fa0_0 .var "S", 2 0;
v0x603d88655e30_0 .net "V", 1 0, v0x603d8867ca00_0;  1 drivers
v0x603d8867c260_0 .net "clk", 0 0, L_0x603d8867cce0;  alias, 1 drivers
v0x603d8867c330_0 .var "light", 1 0;
v0x603d8867c440_0 .var "next_light", 1 0;
v0x603d8867c520_0 .var "nextstate", 2 0;
v0x603d8867c600_0 .var "state", 2 0;
v0x603d8867c6e0_0 .net "time32", 32 0, L_0x603d8867cd50;  alias, 1 drivers
E_0x603d88618fc0 .event anyedge, v0x603d8867c600_0;
E_0x603d88651420 .event anyedge, v0x603d8867c600_0, v0x603d8867c330_0, v0x603d88656280_0;
E_0x603d88618d40 .event posedge, v0x603d886563f0_0;
    .scope S_0x603d886528d0;
T_0 ;
    %pushi/vec4 0, 0, 1;
    %store/vec4 v0x603d88656ac0_0, 0, 1;
    %pushi/vec4 0, 0, 33;
    %store/vec4 v0x603d88656560_0, 0, 33;
    %end;
    .thread T_0;
    .scope S_0x603d886528d0;
T_1 ;
    %delay 1, 0;
    %load/vec4 v0x603d88656ac0_0;
    %inv;
    %store/vec4 v0x603d88656ac0_0, 0, 1;
    %jmp T_1;
    .thread T_1;
    .scope S_0x603d886528d0;
T_2 ;
    %delay 1000, 0;
    %load/vec4 v0x603d88656560_0;
    %addi 1, 0, 33;
    %store/vec4 v0x603d88656560_0, 0, 33;
    %jmp T_2;
    .thread T_2;
    .scope S_0x603d8867b5a0;
T_3 ;
    %wait E_0x603d88618d40;
    %load/vec4 v0x603d88656110_0;
    %pad/u 32;
    %cmpi/e 1, 0, 32;
    %jmp/0xz  T_3.0, 4;
    %pushi/vec4 7, 0, 3;
    %assign/vec4 v0x603d8867c600_0, 0;
    %jmp T_3.1;
T_3.0 ;
    %load/vec4 v0x603d88655e30_0;
    %pad/u 32;
    %cmpi/e 0, 0, 32;
    %jmp/0xz  T_3.2, 4;
    %pushi/vec4 7, 0, 3;
    %assign/vec4 v0x603d8867c600_0, 0;
    %jmp T_3.3;
T_3.2 ;
    %load/vec4 v0x603d88656110_0;
    %pad/u 32;
    %pushi/vec4 0, 0, 32;
    %cmp/e;
    %flag_get/vec4 4;
    %load/vec4 v0x603d88655e30_0;
    %pad/u 32;
    %pushi/vec4 1, 0, 32;
    %cmp/e;
    %flag_get/vec4 4;
    %and;
    %flag_set/vec4 8;
    %jmp/0xz  T_3.4, 8;
    %pushi/vec4 5, 0, 3;
    %assign/vec4 v0x603d8867c600_0, 0;
    %jmp T_3.5;
T_3.4 ;
    %load/vec4 v0x603d8867c520_0;
    %assign/vec4 v0x603d8867c600_0, 0;
T_3.5 ;
T_3.3 ;
T_3.1 ;
    %jmp T_3;
    .thread T_3;
    .scope S_0x603d8867b5a0;
T_4 ;
    %pushi/vec4 5, 0, 3;
    %store/vec4 v0x603d8867c600_0, 0, 3;
    %pushi/vec4 0, 0, 2;
    %store/vec4 v0x603d8867c330_0, 0, 2;
    %end;
    .thread T_4;
    .scope S_0x603d8867b5a0;
T_5 ;
    %wait E_0x603d88651420;
    %load/vec4 v0x603d8867c600_0;
    %dup/vec4;
    %pushi/vec4 5, 0, 3;
    %cmp/u;
    %jmp/1 T_5.0, 6;
    %dup/vec4;
    %pushi/vec4 3, 0, 3;
    %cmp/u;
    %jmp/1 T_5.1, 6;
    %dup/vec4;
    %pushi/vec4 6, 0, 3;
    %cmp/u;
    %jmp/1 T_5.2, 6;
    %dup/vec4;
    %pushi/vec4 7, 0, 3;
    %cmp/u;
    %jmp/1 T_5.3, 6;
    %pushi/vec4 5, 0, 3;
    %store/vec4 v0x603d8867c520_0, 0, 3;
    %jmp T_5.5;
T_5.0 ;
    %load/vec4 v0x603d8867c330_0;
    %dup/vec4;
    %pushi/vec4 0, 0, 2;
    %cmp/u;
    %jmp/1 T_5.6, 6;
    %dup/vec4;
    %pushi/vec4 1, 0, 2;
    %cmp/u;
    %jmp/1 T_5.7, 6;
    %dup/vec4;
    %pushi/vec4 2, 0, 2;
    %cmp/u;
    %jmp/1 T_5.8, 6;
    %jmp T_5.9;
T_5.6 ;
    %load/vec4 v0x603d8867c6e0_0;
    %cmpi/e 20, 0, 33;
    %jmp/0xz  T_5.10, 4;
    %pushi/vec4 1, 0, 2;
    %store/vec4 v0x603d8867c440_0, 0, 2;
T_5.10 ;
    %jmp T_5.9;
T_5.7 ;
    %load/vec4 v0x603d8867c6e0_0;
    %cmpi/e 4, 0, 33;
    %jmp/0xz  T_5.12, 4;
    %pushi/vec4 2, 0, 2;
    %store/vec4 v0x603d8867c440_0, 0, 2;
T_5.12 ;
    %jmp T_5.9;
T_5.8 ;
    %load/vec4 v0x603d8867c6e0_0;
    %cmpi/e 2, 0, 33;
    %jmp/0xz  T_5.14, 4;
    %pushi/vec4 3, 0, 3;
    %store/vec4 v0x603d8867c520_0, 0, 3;
T_5.14 ;
    %jmp T_5.9;
T_5.9 ;
    %pop/vec4 1;
    %jmp T_5.5;
T_5.1 ;
    %load/vec4 v0x603d8867c330_0;
    %dup/vec4;
    %pushi/vec4 0, 0, 2;
    %cmp/u;
    %jmp/1 T_5.16, 6;
    %dup/vec4;
    %pushi/vec4 1, 0, 2;
    %cmp/u;
    %jmp/1 T_5.17, 6;
    %dup/vec4;
    %pushi/vec4 2, 0, 2;
    %cmp/u;
    %jmp/1 T_5.18, 6;
    %jmp T_5.19;
T_5.16 ;
    %load/vec4 v0x603d8867c6e0_0;
    %cmpi/e 10, 0, 33;
    %jmp/0xz  T_5.20, 4;
    %pushi/vec4 1, 0, 2;
    %store/vec4 v0x603d8867c440_0, 0, 2;
T_5.20 ;
    %jmp T_5.19;
T_5.17 ;
    %load/vec4 v0x603d8867c6e0_0;
    %cmpi/e 4, 0, 33;
    %jmp/0xz  T_5.22, 4;
    %pushi/vec4 2, 0, 2;
    %store/vec4 v0x603d8867c440_0, 0, 2;
T_5.22 ;
    %jmp T_5.19;
T_5.18 ;
    %load/vec4 v0x603d8867c6e0_0;
    %cmpi/e 2, 0, 33;
    %jmp/0xz  T_5.24, 4;
    %pushi/vec4 6, 0, 3;
    %store/vec4 v0x603d8867c520_0, 0, 3;
T_5.24 ;
    %jmp T_5.19;
T_5.19 ;
    %pop/vec4 1;
    %jmp T_5.5;
T_5.2 ;
    %load/vec4 v0x603d8867c330_0;
    %dup/vec4;
    %pushi/vec4 0, 0, 2;
    %cmp/u;
    %jmp/1 T_5.26, 6;
    %dup/vec4;
    %pushi/vec4 1, 0, 2;
    %cmp/u;
    %jmp/1 T_5.27, 6;
    %dup/vec4;
    %pushi/vec4 2, 0, 2;
    %cmp/u;
    %jmp/1 T_5.28, 6;
    %jmp T_5.29;
T_5.26 ;
    %load/vec4 v0x603d8867c6e0_0;
    %cmpi/e 10, 0, 33;
    %jmp/0xz  T_5.30, 4;
    %pushi/vec4 1, 0, 2;
    %store/vec4 v0x603d8867c440_0, 0, 2;
T_5.30 ;
    %jmp T_5.29;
T_5.27 ;
    %load/vec4 v0x603d8867c6e0_0;
    %cmpi/e 4, 0, 33;
    %jmp/0xz  T_5.32, 4;
    %pushi/vec4 2, 0, 2;
    %store/vec4 v0x603d8867c440_0, 0, 2;
T_5.32 ;
    %jmp T_5.29;
T_5.28 ;
    %load/vec4 v0x603d8867c6e0_0;
    %cmpi/e 2, 0, 33;
    %jmp/0xz  T_5.34, 4;
    %pushi/vec4 5, 0, 3;
    %store/vec4 v0x603d8867c520_0, 0, 3;
T_5.34 ;
    %jmp T_5.29;
T_5.29 ;
    %pop/vec4 1;
    %jmp T_5.5;
T_5.3 ;
    %load/vec4 v0x603d8867c330_0;
    %dup/vec4;
    %pushi/vec4 0, 0, 2;
    %cmp/u;
    %jmp/1 T_5.36, 6;
    %dup/vec4;
    %pushi/vec4 1, 0, 2;
    %cmp/u;
    %jmp/1 T_5.37, 6;
    %dup/vec4;
    %pushi/vec4 2, 0, 2;
    %cmp/u;
    %jmp/1 T_5.38, 6;
    %jmp T_5.39;
T_5.36 ;
    %load/vec4 v0x603d8867c6e0_0;
    %cmpi/e 10, 0, 33;
    %jmp/0xz  T_5.40, 4;
    %pushi/vec4 1, 0, 2;
    %store/vec4 v0x603d8867c440_0, 0, 2;
T_5.40 ;
    %jmp T_5.39;
T_5.37 ;
    %load/vec4 v0x603d8867c6e0_0;
    %cmpi/e 6, 0, 33;
    %jmp/0xz  T_5.42, 4;
    %pushi/vec4 2, 0, 2;
    %store/vec4 v0x603d8867c440_0, 0, 2;
T_5.42 ;
    %jmp T_5.39;
T_5.38 ;
    %load/vec4 v0x603d8867c6e0_0;
    %cmpi/e 2, 0, 33;
    %jmp/0xz  T_5.44, 4;
    %pushi/vec4 5, 0, 3;
    %store/vec4 v0x603d8867c520_0, 0, 3;
T_5.44 ;
    %jmp T_5.39;
T_5.39 ;
    %pop/vec4 1;
    %jmp T_5.5;
T_5.5 ;
    %pop/vec4 1;
    %jmp T_5;
    .thread T_5, $push;
    .scope S_0x603d8867b5a0;
T_6 ;
    %wait E_0x603d88618fc0;
    %load/vec4 v0x603d8867c600_0;
    %store/vec4 v0x603d88655fa0_0, 0, 3;
    %jmp T_6;
    .thread T_6, $push;
    .scope S_0x603d88652740;
T_7 ;
    %vpi_call 2 27 "$dumpfile", "traffic.vcd" {0 0 0};
    %vpi_call 2 28 "$dumpvars", 32'sb00000000000000000000000000000000, S_0x603d88652740 {0 0 0};
    %pushi/vec4 0, 0, 2;
    %store/vec4 v0x603d8867c850_0, 0, 2;
    %pushi/vec4 1, 0, 2;
    %store/vec4 v0x603d8867ca00_0, 0, 2;
    %delay 50000, 0;
    %pushi/vec4 1, 0, 2;
    %store/vec4 v0x603d8867c850_0, 0, 2;
    %pushi/vec4 1, 0, 2;
    %store/vec4 v0x603d8867ca00_0, 0, 2;
    %delay 20000, 0;
    %pushi/vec4 0, 0, 2;
    %store/vec4 v0x603d8867c850_0, 0, 2;
    %pushi/vec4 0, 0, 2;
    %store/vec4 v0x603d8867ca00_0, 0, 2;
    %delay 80000, 0;
    %pushi/vec4 1, 0, 2;
    %store/vec4 v0x603d8867c850_0, 0, 2;
    %pushi/vec4 0, 0, 2;
    %store/vec4 v0x603d8867ca00_0, 0, 2;
    %delay 70000, 0;
    %vpi_call 2 39 "$finish" {0 0 0};
    %end;
    .thread T_7;
# The file index is used to find the file name in the following table.
:file_names 5;
    "N/A";
    "<interactive>";
    "./testbench/controller_tb.v";
    "./rtl/clk_timer.v";
    "./rtl/controller.v";
